<?xml version="1.0" encoding="UTF-8"?>
<!-- Generated by org.testng.reporters.JUnitReportReporter -->
<testsuite skipped="1" hostname="DESKTOP-OAVT275" name="com.test.Excel_Read2" tests="1" failures="0" timestamp="2020-06-21T18:37:43 EDT" time="0.000" errors="0">
  <testcase name="getData" time="0.000" classname="com.test.Excel_Read2">
    <skipped/>
  </testcase> <!-- getData -->
  <system-out/>
</testsuite> <!-- com.test.Excel_Read2 -->
