<?xml version="1.0" encoding="UTF-8"?>
<!-- Generated by org.testng.reporters.JUnitReportReporter -->
<testsuite skipped="0" hostname="DESKTOP-OAVT275" name="com.test.Base" tests="1" failures="0" timestamp="2020-06-22T15:51:01 EDT" time="8.978" errors="0">
  <testcase name="openbrowser" time="8.978" classname="com.test.Base"/>
  <system-out/>
</testsuite> <!-- com.test.Base -->
