<?xml version="1.0" encoding="UTF-8"?>
<!-- Generated by org.testng.reporters.JUnitReportReporter -->
<testsuite skipped="0" hostname="DESKTOP-OAVT275" name="com.test.Excel_Read" tests="1" failures="0" timestamp="2020-06-20T01:31:36 EDT" time="15.874" errors="0">
  <testcase name="read" time="15.874" classname="com.test.Excel_Read"/>
  <system-out/>
</testsuite> <!-- com.test.Excel_Read -->
