<?xml version="1.0" encoding="UTF-8"?>
<!-- Generated by org.testng.reporters.JUnitReportReporter -->
<testsuite skipped="0" hostname="DESKTOP-OAVT275" name="com.test.Excel_object" tests="4" failures="0" timestamp="2020-07-03T00:51:44 EDT" time="54.916" errors="0">
  <testcase name="getData" time="12.913" classname="com.test.Excel_object"/>
  <system-out/>
  <testcase name="getData" time="12.766" classname="com.test.Excel_object"/>
  <system-out/>
  <testcase name="getData" time="13.325" classname="com.test.Excel_object"/>
  <system-out/>
  <testcase name="getData" time="15.912" classname="com.test.Excel_object"/>
  <system-out/>
</testsuite> <!-- com.test.Excel_object -->
